8000  4C F5 C5  JMP $C5F5                       A:00 X:00 Y:00 P:24 SP:FD CLC:0000
C5F5  A2 00     LDX #$00                        A:00 X:00 Y:00 P:24 SP:FD CLC:0003
C5F7  86 00     STX $00 = 00                    A:00 X:00 Y:00 P:26 SP:FD CLC:0005
C5F9  86 10     STX $10 = 00                    A:00 X:00 Y:00 P:26 SP:FD CLC:0008
C5FB  86 11     STX $11 = 00                    A:00 X:00 Y:00 P:26 SP:FD CLC:000B
C5FD  20 2D C7  JSR $C72D                       A:00 X:00 Y:00 P:26 SP:FD CLC:000E
C72D  EA        NOP                             A:00 X:00 Y:00 P:26 SP:FB CLC:0014
C72E  38        SEC                             A:00 X:00 Y:00 P:26 SP:FB CLC:0016
C72F  B0 04     BCS $C735                       A:00 X:00 Y:00 P:27 SP:FB CLC:0018
C735  EA        NOP                             A:00 X:00 Y:00 P:27 SP:FB CLC:001B
C736  18        CLC                             A:00 X:00 Y:00 P:27 SP:FB CLC:001D
C737  B0 03     BCS $C73C                       A:00 X:00 Y:00 P:26 SP:FB CLC:001F
C739  4C 40 C7  JMP $C740                       A:00 X:00 Y:00 P:26 SP:FB CLC:0021
C740  EA        NOP                             A:00 X:00 Y:00 P:26 SP:FB CLC:0024
C741  38        SEC                             A:00 X:00 Y:00 P:26 SP:FB CLC:0026
C742  90 03     BCC $C747                       A:00 X:00 Y:00 P:27 SP:FB CLC:0028
C744  4C 4B C7  JMP $C74B                       A:00 X:00 Y:00 P:27 SP:FB CLC:002A
C74B  EA        NOP                             A:00 X:00 Y:00 P:27 SP:FB CLC:002D
C74C  18        CLC                             A:00 X:00 Y:00 P:27 SP:FB CLC:002F
C74D  90 04     BCC $C753                       A:00 X:00 Y:00 P:26 SP:FB CLC:0031
C753  EA        NOP                             A:00 X:00 Y:00 P:26 SP:FB CLC:0034
C754  A9 00     LDA #$00                        A:00 X:00 Y:00 P:26 SP:FB CLC:0036
C756  F0 04     BEQ $C75C                       A:00 X:00 Y:00 P:26 SP:FB CLC:0038
C75C  EA        NOP                             A:00 X:00 Y:00 P:26 SP:FB CLC:003B
C75D  A9 40     LDA #$40                        A:00 X:00 Y:00 P:26 SP:FB CLC:003D
C75F  F0 03     BEQ $C764                       A:40 X:00 Y:00 P:24 SP:FB CLC:003F
C761  4C 68 C7  JMP $C768                       A:40 X:00 Y:00 P:24 SP:FB CLC:0041
C768  EA        NOP                             A:40 X:00 Y:00 P:24 SP:FB CLC:0044
C769  A9 40     LDA #$40                        A:40 X:00 Y:00 P:24 SP:FB CLC:0046
C76B  D0 04     BNE $C771                       A:40 X:00 Y:00 P:24 SP:FB CLC:0048
C771  EA        NOP                             A:40 X:00 Y:00 P:24 SP:FB CLC:004B
C772  A9 00     LDA #$00                        A:40 X:00 Y:00 P:24 SP:FB CLC:004D
C774  D0 03     BNE $C779                       A:00 X:00 Y:00 P:26 SP:FB CLC:004F
C776  4C 7D C7  JMP $C77D                       A:00 X:00 Y:00 P:26 SP:FB CLC:0051
C77D  EA        NOP                             A:00 X:00 Y:00 P:26 SP:FB CLC:0054
C77E  A9 FF     LDA #$FF                        A:00 X:00 Y:00 P:26 SP:FB CLC:0056
C780  85 01     STA $01 = 00                    A:FF X:00 Y:00 P:A4 SP:FB CLC:0058
C782  24 01     BIT $01 = FF                    A:FF X:00 Y:00 P:A4 SP:FB CLC:005B
C784  70 04     BVS $C78A                       A:FF X:00 Y:00 P:E4 SP:FB CLC:005E
C78A  EA        NOP                             A:FF X:00 Y:00 P:E4 SP:FB CLC:0061
C78B  24 01     BIT $01 = FF                    A:FF X:00 Y:00 P:E4 SP:FB CLC:0063
C78D  50 03     BVC $C792                       A:FF X:00 Y:00 P:E4 SP:FB CLC:0066
C78F  4C 96 C7  JMP $C796                       A:FF X:00 Y:00 P:E4 SP:FB CLC:0068
C796  EA        NOP                             A:FF X:00 Y:00 P:E4 SP:FB CLC:006B
C797  A9 00     LDA #$00                        A:FF X:00 Y:00 P:E4 SP:FB CLC:006D
C799  85 01     STA $01 = FF                    A:00 X:00 Y:00 P:66 SP:FB CLC:006F
C79B  24 01     BIT $01 = 00                    A:00 X:00 Y:00 P:66 SP:FB CLC:0072
C79D  50 04     BVC $C7A3                       A:00 X:00 Y:00 P:26 SP:FB CLC:0075
C7A3  EA        NOP                             A:00 X:00 Y:00 P:26 SP:FB CLC:0078
C7A4  24 01     BIT $01 = 00                    A:00 X:00 Y:00 P:26 SP:FB CLC:007A
C7A6  70 03     BVS $C7AB                       A:00 X:00 Y:00 P:26 SP:FB CLC:007D
C7A8  4C AF C7  JMP $C7AF                       A:00 X:00 Y:00 P:26 SP:FB CLC:007F
C7AF  EA        NOP                             A:00 X:00 Y:00 P:26 SP:FB CLC:0082
C7B0  A9 00     LDA #$00                        A:00 X:00 Y:00 P:26 SP:FB CLC:0084
C7B2  10 04     BPL $C7B8                       A:00 X:00 Y:00 P:26 SP:FB CLC:0086
C7B8  EA        NOP                             A:00 X:00 Y:00 P:26 SP:FB CLC:0089
C7B9  A9 80     LDA #$80                        A:00 X:00 Y:00 P:26 SP:FB CLC:008B
C7BB  10 03     BPL $C7C0                       A:80 X:00 Y:00 P:A4 SP:FB CLC:008D
C7BD  4C D9 C7  JMP $C7D9                       A:80 X:00 Y:00 P:A4 SP:FB CLC:008F
C7D9  EA        NOP                             A:80 X:00 Y:00 P:A4 SP:FB CLC:0092
C7DA  60        RTS                             A:80 X:00 Y:00 P:A4 SP:FB CLC:0094
C600  20 DB C7  JSR $C7DB                       A:80 X:00 Y:00 P:A4 SP:FD CLC:009A
C7DB  EA        NOP                             A:80 X:00 Y:00 P:A4 SP:FB CLC:00A0
C7DC  A9 FF     LDA #$FF                        A:80 X:00 Y:00 P:A4 SP:FB CLC:00A2
C7DE  85 01     STA $01 = 00                    A:FF X:00 Y:00 P:A4 SP:FB CLC:00A4
C7E0  24 01     BIT $01 = FF                    A:FF X:00 Y:00 P:A4 SP:FB CLC:00A7
C7E2  A9 00     LDA #$00                        A:FF X:00 Y:00 P:E4 SP:FB CLC:00AA
C7E4  38        SEC                             A:00 X:00 Y:00 P:66 SP:FB CLC:00AC
C7E5  78        SEI                             A:00 X:00 Y:00 P:67 SP:FB CLC:00AE
C7E6  F8        SED                             A:00 X:00 Y:00 P:67 SP:FB CLC:00B0
C7E7  08        PHP                             A:00 X:00 Y:00 P:6F SP:FB CLC:00B2
C7E8  68        PLA                             A:00 X:00 Y:00 P:6F SP:FA CLC:00B5
C7E9  29 EF     AND #$EF                        A:6F X:00 Y:00 P:6D SP:FB CLC:00B9
C7EB  C9 6F     CMP #$6F                        A:6F X:00 Y:00 P:6D SP:FB CLC:00BB
C7ED  F0 04     BEQ $C7F3                       A:6F X:00 Y:00 P:6F SP:FB CLC:00BD
C7F3  EA        NOP                             A:6F X:00 Y:00 P:6F SP:FB CLC:00C0
C7F4  A9 40     LDA #$40                        A:6F X:00 Y:00 P:6F SP:FB CLC:00C2
C7F6  85 01     STA $01 = FF                    A:40 X:00 Y:00 P:6D SP:FB CLC:00C4
C7F8  24 01     BIT $01 = 40                    A:40 X:00 Y:00 P:6D SP:FB CLC:00C7
C7FA  D8        CLD                             A:40 X:00 Y:00 P:6D SP:FB CLC:00CA
C7FB  A9 10     LDA #$10                        A:40 X:00 Y:00 P:65 SP:FB CLC:00CC
C7FD  18        CLC                             A:10 X:00 Y:00 P:65 SP:FB CLC:00CE
C7FE  08        PHP                             A:10 X:00 Y:00 P:64 SP:FB CLC:00D0
C7FF  68        PLA                             A:10 X:00 Y:00 P:64 SP:FA CLC:00D3
C800  29 EF     AND #$EF                        A:64 X:00 Y:00 P:64 SP:FB CLC:00D7
C802  C9 64     CMP #$64                        A:64 X:00 Y:00 P:64 SP:FB CLC:00D9
C804  F0 04     BEQ $C80A                       A:64 X:00 Y:00 P:67 SP:FB CLC:00DB
C80A  EA        NOP                             A:64 X:00 Y:00 P:67 SP:FB CLC:00DE
C80B  A9 80     LDA #$80                        A:64 X:00 Y:00 P:67 SP:FB CLC:00E0
C80D  85 01     STA $01 = 40                    A:80 X:00 Y:00 P:E5 SP:FB CLC:00E2
C80F  24 01     BIT $01 = 80                    A:80 X:00 Y:00 P:E5 SP:FB CLC:00E5
C811  F8        SED                             A:80 X:00 Y:00 P:A5 SP:FB CLC:00E8
C812  A9 00     LDA #$00                        A:80 X:00 Y:00 P:AD SP:FB CLC:00EA
C814  38        SEC                             A:00 X:00 Y:00 P:2F SP:FB CLC:00EC
C815  08        PHP                             A:00 X:00 Y:00 P:2F SP:FB CLC:00EE
C816  68        PLA                             A:00 X:00 Y:00 P:2F SP:FA CLC:00F1
C817  29 EF     AND #$EF                        A:2F X:00 Y:00 P:2D SP:FB CLC:00F5
C819  C9 2F     CMP #$2F                        A:2F X:00 Y:00 P:2D SP:FB CLC:00F7
C81B  F0 04     BEQ $C821                       A:2F X:00 Y:00 P:2F SP:FB CLC:00F9
C821  EA        NOP                             A:2F X:00 Y:00 P:2F SP:FB CLC:00FC
C822  A9 FF     LDA #$FF                        A:2F X:00 Y:00 P:2F SP:FB CLC:00FE
C824  48        PHA                             A:FF X:00 Y:00 P:AD SP:FB CLC:0100
C825  28        PLP                             A:FF X:00 Y:00 P:AD SP:FA CLC:0103
C826  D0 09     BNE $C831                       A:FF X:00 Y:00 P:EF SP:FB CLC:0107
C828  10 07     BPL $C831                       A:FF X:00 Y:00 P:EF SP:FB CLC:0109
C82A  50 05     BVC $C831                       A:FF X:00 Y:00 P:EF SP:FB CLC:010B
C82C  90 03     BCC $C831                       A:FF X:00 Y:00 P:EF SP:FB CLC:010D
C82E  4C 35 C8  JMP $C835                       A:FF X:00 Y:00 P:EF SP:FB CLC:010F
C835  EA        NOP                             A:FF X:00 Y:00 P:EF SP:FB CLC:0112
C836  A9 04     LDA #$04                        A:FF X:00 Y:00 P:EF SP:FB CLC:0114
C838  48        PHA                             A:04 X:00 Y:00 P:6D SP:FB CLC:0116
C839  28        PLP                             A:04 X:00 Y:00 P:6D SP:FA CLC:0119
C83A  F0 09     BEQ $C845                       A:04 X:00 Y:00 P:24 SP:FB CLC:011D
C83C  30 07     BMI $C845                       A:04 X:00 Y:00 P:24 SP:FB CLC:011F
C83E  70 05     BVS $C845                       A:04 X:00 Y:00 P:24 SP:FB CLC:0121
C840  B0 03     BCS $C845                       A:04 X:00 Y:00 P:24 SP:FB CLC:0123
C842  4C 49 C8  JMP $C849                       A:04 X:00 Y:00 P:24 SP:FB CLC:0125
C849  EA        NOP                             A:04 X:00 Y:00 P:24 SP:FB CLC:0128
C84A  F8        SED                             A:04 X:00 Y:00 P:24 SP:FB CLC:012A
C84B  A9 FF     LDA #$FF                        A:04 X:00 Y:00 P:2C SP:FB CLC:012C
C84D  85 01     STA $01 = 80                    A:FF X:00 Y:00 P:AC SP:FB CLC:012E
C84F  24 01     BIT $01 = FF                    A:FF X:00 Y:00 P:AC SP:FB CLC:0131
C851  18        CLC                             A:FF X:00 Y:00 P:EC SP:FB CLC:0134
C852  A9 00     LDA #$00                        A:FF X:00 Y:00 P:EC SP:FB CLC:0136
C854  48        PHA                             A:00 X:00 Y:00 P:6E SP:FB CLC:0138
C855  A9 FF     LDA #$FF                        A:00 X:00 Y:00 P:6E SP:FA CLC:013B
C857  68        PLA                             A:FF X:00 Y:00 P:EC SP:FA CLC:013D
C858  D0 09     BNE $C863                       A:00 X:00 Y:00 P:6E SP:FB CLC:0141
C85A  30 07     BMI $C863                       A:00 X:00 Y:00 P:6E SP:FB CLC:0143
C85C  50 05     BVC $C863                       A:00 X:00 Y:00 P:6E SP:FB CLC:0145
C85E  B0 03     BCS $C863                       A:00 X:00 Y:00 P:6E SP:FB CLC:0147
C860  4C 67 C8  JMP $C867                       A:00 X:00 Y:00 P:6E SP:FB CLC:0149
C867  EA        NOP                             A:00 X:00 Y:00 P:6E SP:FB CLC:014C
C868  A9 00     LDA #$00                        A:00 X:00 Y:00 P:6E SP:FB CLC:014E
C86A  85 01     STA $01 = FF                    A:00 X:00 Y:00 P:6E SP:FB CLC:0150
C86C  24 01     BIT $01 = 00                    A:00 X:00 Y:00 P:6E SP:FB CLC:0153
C86E  38        SEC                             A:00 X:00 Y:00 P:2E SP:FB CLC:0156
C86F  A9 FF     LDA #$FF                        A:00 X:00 Y:00 P:2F SP:FB CLC:0158
C871  48        PHA                             A:FF X:00 Y:00 P:AD SP:FB CLC:015A
C872  A9 00     LDA #$00                        A:FF X:00 Y:00 P:AD SP:FA CLC:015D
C874  68        PLA                             A:00 X:00 Y:00 P:2F SP:FA CLC:015F
C875  F0 09     BEQ $C880                       A:FF X:00 Y:00 P:AD SP:FB CLC:0163
C877  10 07     BPL $C880                       A:FF X:00 Y:00 P:AD SP:FB CLC:0165
C879  70 05     BVS $C880                       A:FF X:00 Y:00 P:AD SP:FB CLC:0167
C87B  90 03     BCC $C880                       A:FF X:00 Y:00 P:AD SP:FB CLC:0169
C87D  4C 84 C8  JMP $C884                       A:FF X:00 Y:00 P:AD SP:FB CLC:016B
C884  60        RTS                             A:FF X:00 Y:00 P:AD SP:FB CLC:016E
C603  20 85 C8  JSR $C885                       A:FF X:00 Y:00 P:AD SP:FD CLC:0174
C885  EA        NOP                             A:FF X:00 Y:00 P:AD SP:FB CLC:017A
C886  18        CLC                             A:FF X:00 Y:00 P:AD SP:FB CLC:017C
C887  A9 FF     LDA #$FF                        A:FF X:00 Y:00 P:AC SP:FB CLC:017E
C889  85 01     STA $01 = 00                    A:FF X:00 Y:00 P:AC SP:FB CLC:0180
C88B  24 01     BIT $01 = FF                    A:FF X:00 Y:00 P:AC SP:FB CLC:0183
C88D  A9 55     LDA #$55                        A:FF X:00 Y:00 P:EC SP:FB CLC:0186
C88F  09 AA     ORA #$AA                        A:55 X:00 Y:00 P:6C SP:FB CLC:0188
C891  B0 0B     BCS $C89E                       A:FF X:00 Y:00 P:EC SP:FB CLC:018A
C893  10 09     BPL $C89E                       A:FF X:00 Y:00 P:EC SP:FB CLC:018C
C895  C9 FF     CMP #$FF                        A:FF X:00 Y:00 P:EC SP:FB CLC:018E
C897  D0 05     BNE $C89E                       A:FF X:00 Y:00 P:6F SP:FB CLC:0190
C899  50 03     BVC $C89E                       A:FF X:00 Y:00 P:6F SP:FB CLC:0192
C89B  4C A2 C8  JMP $C8A2                       A:FF X:00 Y:00 P:6F SP:FB CLC:0194
C8A2  EA        NOP                             A:FF X:00 Y:00 P:6F SP:FB CLC:0197
C8A3  38        SEC                             A:FF X:00 Y:00 P:6F SP:FB CLC:0199
C8A4  B8        CLV                             A:FF X:00 Y:00 P:6F SP:FB CLC:019B
C8A5  A9 00     LDA #$00                        A:FF X:00 Y:00 P:2F SP:FB CLC:019D
C8A7  09 00     ORA #$00                        A:00 X:00 Y:00 P:2F SP:FB CLC:019F
C8A9  D0 09     BNE $C8B4                       A:00 X:00 Y:00 P:2F SP:FB CLC:01A1
C8AB  70 07     BVS $C8B4                       A:00 X:00 Y:00 P:2F SP:FB CLC:01A3
C8AD  90 05     BCC $C8B4                       A:00 X:00 Y:00 P:2F SP:FB CLC:01A5
C8AF  30 03     BMI $C8B4                       A:00 X:00 Y:00 P:2F SP:FB CLC:01A7
C8B1  4C B8 C8  JMP $C8B8                       A:00 X:00 Y:00 P:2F SP:FB CLC:01A9
C8B8  EA        NOP                             A:00 X:00 Y:00 P:2F SP:FB CLC:01AC
C8B9  18        CLC                             A:00 X:00 Y:00 P:2F SP:FB CLC:01AE
C8BA  24 01     BIT $01 = FF                    A:00 X:00 Y:00 P:2E SP:FB CLC:01B0
C8BC  A9 55     LDA #$55                        A:00 X:00 Y:00 P:EE SP:FB CLC:01B3
C8BE  29 AA     AND #$AA                        A:55 X:00 Y:00 P:6C SP:FB CLC:01B5
C8C0  D0 09     BNE $C8CB                       A:00 X:00 Y:00 P:6E SP:FB CLC:01B7
C8C2  50 07     BVC $C8CB                       A:00 X:00 Y:00 P:6E SP:FB CLC:01B9
C8C4  B0 05     BCS $C8CB                       A:00 X:00 Y:00 P:6E SP:FB CLC:01BB
C8C6  30 03     BMI $C8CB                       A:00 X:00 Y:00 P:6E SP:FB CLC:01BD
C8C8  4C CF C8  JMP $C8CF                       A:00 X:00 Y:00 P:6E SP:FB CLC:01BF
C8CF  EA        NOP                             A:00 X:00 Y:00 P:6E SP:FB CLC:01C2
C8D0  38        SEC                             A:00 X:00 Y:00 P:6E SP:FB CLC:01C4
C8D1  B8        CLV                             A:00 X:00 Y:00 P:6F SP:FB CLC:01C6
C8D2  A9 F8     LDA #$F8                        A:00 X:00 Y:00 P:2F SP:FB CLC:01C8
C8D4  29 EF     AND #$EF                        A:F8 X:00 Y:00 P:AD SP:FB CLC:01CA
C8D6  90 0B     BCC $C8E3                       A:E8 X:00 Y:00 P:AD SP:FB CLC:01CC
C8D8  10 09     BPL $C8E3                       A:E8 X:00 Y:00 P:AD SP:FB CLC:01CE
C8DA  C9 E8     CMP #$E8                        A:E8 X:00 Y:00 P:AD SP:FB CLC:01D0
C8DC  D0 05     BNE $C8E3                       A:E8 X:00 Y:00 P:2F SP:FB CLC:01D2
C8DE  70 03     BVS $C8E3                       A:E8 X:00 Y:00 P:2F SP:FB CLC:01D4
C8E0  4C E7 C8  JMP $C8E7                       A:E8 X:00 Y:00 P:2F SP:FB CLC:01D6
C8E7  EA        NOP                             A:E8 X:00 Y:00 P:2F SP:FB CLC:01D9
C8E8  18        CLC                             A:E8 X:00 Y:00 P:2F SP:FB CLC:01DB
C8E9  24 01     BIT $01 = FF                    A:E8 X:00 Y:00 P:2E SP:FB CLC:01DD
C8EB  A9 5F     LDA #$5F                        A:E8 X:00 Y:00 P:EC SP:FB CLC:01E0
C8ED  49 AA     EOR #$AA                        A:5F X:00 Y:00 P:6C SP:FB CLC:01E2
C8EF  B0 0B     BCS $C8FC                       A:F5 X:00 Y:00 P:EC SP:FB CLC:01E4
C8F1  10 09     BPL $C8FC                       A:F5 X:00 Y:00 P:EC SP:FB CLC:01E6
C8F3  C9 F5     CMP #$F5                        A:F5 X:00 Y:00 P:EC SP:FB CLC:01E8
C8F5  D0 05     BNE $C8FC                       A:F5 X:00 Y:00 P:6F SP:FB CLC:01EA
C8F7  50 03     BVC $C8FC                       A:F5 X:00 Y:00 P:6F SP:FB CLC:01EC
C8F9  4C 00 C9  JMP $C900                       A:F5 X:00 Y:00 P:6F SP:FB CLC:01EE
C900  EA        NOP                             A:F5 X:00 Y:00 P:6F SP:FB CLC:01F1
C901  38        SEC                             A:F5 X:00 Y:00 P:6F SP:FB CLC:01F3
C902  B8        CLV                             A:F5 X:00 Y:00 P:6F SP:FB CLC:01F5
C903  A9 70     LDA #$70                        A:F5 X:00 Y:00 P:2F SP:FB CLC:01F7
C905  49 70     EOR #$70                        A:70 X:00 Y:00 P:2D SP:FB CLC:01F9
C907  D0 09     BNE $C912                       A:00 X:00 Y:00 P:2F SP:FB CLC:01FB
C909  70 07     BVS $C912                       A:00 X:00 Y:00 P:2F SP:FB CLC:01FD
C90B  90 05     BCC $C912                       A:00 X:00 Y:00 P:2F SP:FB CLC:01FF
C90D  30 03     BMI $C912                       A:00 X:00 Y:00 P:2F SP:FB CLC:0201
C90F  4C 16 C9  JMP $C916                       A:00 X:00 Y:00 P:2F SP:FB CLC:0203
C916  EA        NOP                             A:00 X:00 Y:00 P:2F SP:FB CLC:0206
C917  18        CLC                             A:00 X:00 Y:00 P:2F SP:FB CLC:0208
C918  24 01     BIT $01 = FF                    A:00 X:00 Y:00 P:2E SP:FB CLC:020A
C91A  A9 00     LDA #$00                        A:00 X:00 Y:00 P:EE SP:FB CLC:020D
C91C  69 69     ADC #$69                        A:00 X:00 Y:00 P:6E SP:FB CLC:020F
C91E  30 0B     BMI $C92B                       A:69 X:00 Y:00 P:2C SP:FB CLC:0211
C920  B0 09     BCS $C92B                       A:69 X:00 Y:00 P:2C SP:FB CLC:0213
C922  C9 69     CMP #$69                        A:69 X:00 Y:00 P:2C SP:FB CLC:0215
C924  D0 05     BNE $C92B                       A:69 X:00 Y:00 P:2F SP:FB CLC:0217
C926  70 03     BVS $C92B                       A:69 X:00 Y:00 P:2F SP:FB CLC:0219
C928  4C 2F C9  JMP $C92F                       A:69 X:00 Y:00 P:2F SP:FB CLC:021B
C92F  EA        NOP                             A:69 X:00 Y:00 P:2F SP:FB CLC:021E
C930  38        SEC                             A:69 X:00 Y:00 P:2F SP:FB CLC:0220
C931  F8        SED                             A:69 X:00 Y:00 P:2F SP:FB CLC:0222
C932  24 01     BIT $01 = FF                    A:69 X:00 Y:00 P:2F SP:FB CLC:0224
C934  A9 01     LDA #$01                        A:69 X:00 Y:00 P:ED SP:FB CLC:0227
C936  69 69     ADC #$69                        A:01 X:00 Y:00 P:6D SP:FB CLC:0229
C938  30 0B     BMI $C945                       A:6B X:00 Y:00 P:2C SP:FB CLC:022B
C93A  B0 09     BCS $C945                       A:6B X:00 Y:00 P:2C SP:FB CLC:022D
C93C  C9 6B     CMP #$6B                        A:6B X:00 Y:00 P:2C SP:FB CLC:022F
C93E  D0 05     BNE $C945                       A:6B X:00 Y:00 P:2F SP:FB CLC:0231
C940  70 03     BVS $C945                       A:6B X:00 Y:00 P:2F SP:FB CLC:0233
C942  4C 49 C9  JMP $C949                       A:6B X:00 Y:00 P:2F SP:FB CLC:0235
C949  EA        NOP                             A:6B X:00 Y:00 P:2F SP:FB CLC:0238
C94A  D8        CLD                             A:6B X:00 Y:00 P:2F SP:FB CLC:023A
C94B  38        SEC                             A:6B X:00 Y:00 P:27 SP:FB CLC:023C
C94C  B8        CLV                             A:6B X:00 Y:00 P:27 SP:FB CLC:023E
C94D  A9 7F     LDA #$7F                        A:6B X:00 Y:00 P:27 SP:FB CLC:0240
C94F  69 7F     ADC #$7F                        A:7F X:00 Y:00 P:25 SP:FB CLC:0242
C951  10 0B     BPL $C95E                       A:FF X:00 Y:00 P:E4 SP:FB CLC:0244
C953  B0 09     BCS $C95E                       A:FF X:00 Y:00 P:E4 SP:FB CLC:0246
C955  C9 FF     CMP #$FF                        A:FF X:00 Y:00 P:E4 SP:FB CLC:0248
C957  D0 05     BNE $C95E                       A:FF X:00 Y:00 P:67 SP:FB CLC:024A
C959  50 03     BVC $C95E                       A:FF X:00 Y:00 P:67 SP:FB CLC:024C
C95B  4C 62 C9  JMP $C962                       A:FF X:00 Y:00 P:67 SP:FB CLC:024E
C962  EA        NOP                             A:FF X:00 Y:00 P:67 SP:FB CLC:0251
C963  18        CLC                             A:FF X:00 Y:00 P:67 SP:FB CLC:0253
C964  24 01     BIT $01 = FF                    A:FF X:00 Y:00 P:66 SP:FB CLC:0255
C966  A9 7F     LDA #$7F                        A:FF X:00 Y:00 P:E4 SP:FB CLC:0258
C968  69 80     ADC #$80                        A:7F X:00 Y:00 P:64 SP:FB CLC:025A
C96A  10 0B     BPL $C977                       A:FF X:00 Y:00 P:A4 SP:FB CLC:025C
C96C  B0 09     BCS $C977                       A:FF X:00 Y:00 P:A4 SP:FB CLC:025E
C96E  C9 FF     CMP #$FF                        A:FF X:00 Y:00 P:A4 SP:FB CLC:0260
C970  D0 05     BNE $C977                       A:FF X:00 Y:00 P:27 SP:FB CLC:0262
C972  70 03     BVS $C977                       A:FF X:00 Y:00 P:27 SP:FB CLC:0264
C974  4C 7B C9  JMP $C97B                       A:FF X:00 Y:00 P:27 SP:FB CLC:0266
C97B  EA        NOP                             A:FF X:00 Y:00 P:27 SP:FB CLC:0269
C97C  38        SEC                             A:FF X:00 Y:00 P:27 SP:FB CLC:026B
C97D  B8        CLV                             A:FF X:00 Y:00 P:27 SP:FB CLC:026D
C97E  A9 7F     LDA #$7F                        A:FF X:00 Y:00 P:27 SP:FB CLC:026F
C980  69 80     ADC #$80                        A:7F X:00 Y:00 P:25 SP:FB CLC:0271
C982  D0 09     BNE $C98D                       A:00 X:00 Y:00 P:27 SP:FB CLC:0273
C984  30 07     BMI $C98D                       A:00 X:00 Y:00 P:27 SP:FB CLC:0275
C986  70 05     BVS $C98D                       A:00 X:00 Y:00 P:27 SP:FB CLC:0277
C988  90 03     BCC $C98D                       A:00 X:00 Y:00 P:27 SP:FB CLC:0279
C98A  4C 91 C9  JMP $C991                       A:00 X:00 Y:00 P:27 SP:FB CLC:027B
C991  EA        NOP                             A:00 X:00 Y:00 P:27 SP:FB CLC:027E
C992  38        SEC                             A:00 X:00 Y:00 P:27 SP:FB CLC:0280
C993  B8        CLV                             A:00 X:00 Y:00 P:27 SP:FB CLC:0282
C994  A9 9F     LDA #$9F                        A:00 X:00 Y:00 P:27 SP:FB CLC:0284
C996  F0 09     BEQ $C9A1                       A:9F X:00 Y:00 P:A5 SP:FB CLC:0286
C998  10 07     BPL $C9A1                       A:9F X:00 Y:00 P:A5 SP:FB CLC:0288
C99A  70 05     BVS $C9A1                       A:9F X:00 Y:00 P:A5 SP:FB CLC:028A
C99C  90 03     BCC $C9A1                       A:9F X:00 Y:00 P:A5 SP:FB CLC:028C
C99E  4C A5 C9  JMP $C9A5                       A:9F X:00 Y:00 P:A5 SP:FB CLC:028E
C9A5  EA        NOP                             A:9F X:00 Y:00 P:A5 SP:FB CLC:0291
C9A6  18        CLC                             A:9F X:00 Y:00 P:A5 SP:FB CLC:0293
C9A7  24 01     BIT $01 = FF                    A:9F X:00 Y:00 P:A4 SP:FB CLC:0295
C9A9  A9 00     LDA #$00                        A:9F X:00 Y:00 P:E4 SP:FB CLC:0298
C9AB  D0 09     BNE $C9B6                       A:00 X:00 Y:00 P:66 SP:FB CLC:029A
C9AD  30 07     BMI $C9B6                       A:00 X:00 Y:00 P:66 SP:FB CLC:029C
C9AF  50 05     BVC $C9B6                       A:00 X:00 Y:00 P:66 SP:FB CLC:029E
C9B1  B0 03     BCS $C9B6                       A:00 X:00 Y:00 P:66 SP:FB CLC:02A0
C9B3  4C BA C9  JMP $C9BA                       A:00 X:00 Y:00 P:66 SP:FB CLC:02A2
C9BA  EA        NOP                             A:00 X:00 Y:00 P:66 SP:FB CLC:02A5
C9BB  24 01     BIT $01 = FF                    A:00 X:00 Y:00 P:66 SP:FB CLC:02A7
C9BD  A9 40     LDA #$40                        A:00 X:00 Y:00 P:E6 SP:FB CLC:02AA
C9BF  C9 40     CMP #$40                        A:40 X:00 Y:00 P:64 SP:FB CLC:02AC
C9C1  30 09     BMI $C9CC                       A:40 X:00 Y:00 P:67 SP:FB CLC:02AE
C9C3  90 07     BCC $C9CC                       A:40 X:00 Y:00 P:67 SP:FB CLC:02B0
C9C5  D0 05     BNE $C9CC                       A:40 X:00 Y:00 P:67 SP:FB CLC:02B2
C9C7  50 03     BVC $C9CC                       A:40 X:00 Y:00 P:67 SP:FB CLC:02B4
C9C9  4C D0 C9  JMP $C9D0                       A:40 X:00 Y:00 P:67 SP:FB CLC:02B6
C9D0  EA        NOP                             A:40 X:00 Y:00 P:67 SP:FB CLC:02B9
C9D1  B8        CLV                             A:40 X:00 Y:00 P:67 SP:FB CLC:02BB
C9D2  C9 3F     CMP #$3F                        A:40 X:00 Y:00 P:27 SP:FB CLC:02BD
C9D4  F0 09     BEQ $C9DF                       A:40 X:00 Y:00 P:25 SP:FB CLC:02BF
C9D6  30 07     BMI $C9DF                       A:40 X:00 Y:00 P:25 SP:FB CLC:02C1
C9D8  90 05     BCC $C9DF                       A:40 X:00 Y:00 P:25 SP:FB CLC:02C3
C9DA  70 03     BVS $C9DF                       A:40 X:00 Y:00 P:25 SP:FB CLC:02C5
C9DC  4C E3 C9  JMP $C9E3                       A:40 X:00 Y:00 P:25 SP:FB CLC:02C7
C9E3  EA        NOP                             A:40 X:00 Y:00 P:25 SP:FB CLC:02CA
C9E4  C9 41     CMP #$41                        A:40 X:00 Y:00 P:25 SP:FB CLC:02CC
C9E6  F0 07     BEQ $C9EF                       A:40 X:00 Y:00 P:A4 SP:FB CLC:02CE
C9E8  10 05     BPL $C9EF                       A:40 X:00 Y:00 P:A4 SP:FB CLC:02D0
C9EA  10 03     BPL $C9EF                       A:40 X:00 Y:00 P:A4 SP:FB CLC:02D2
C9EC  4C F3 C9  JMP $C9F3                       A:40 X:00 Y:00 P:A4 SP:FB CLC:02D4
C9F3  EA        NOP                             A:40 X:00 Y:00 P:A4 SP:FB CLC:02D7
C9F4  A9 80     LDA #$80                        A:40 X:00 Y:00 P:A4 SP:FB CLC:02D9
C9F6  C9 00     CMP #$00                        A:80 X:00 Y:00 P:A4 SP:FB CLC:02DB
C9F8  F0 07     BEQ $CA01                       A:80 X:00 Y:00 P:A5 SP:FB CLC:02DD
C9FA  10 05     BPL $CA01                       A:80 X:00 Y:00 P:A5 SP:FB CLC:02DF
C9FC  90 03     BCC $CA01                       A:80 X:00 Y:00 P:A5 SP:FB CLC:02E1
C9FE  4C 05 CA  JMP $CA05                       A:80 X:00 Y:00 P:A5 SP:FB CLC:02E3
CA05  EA        NOP                             A:80 X:00 Y:00 P:A5 SP:FB CLC:02E6
CA06  C9 80     CMP #$80                        A:80 X:00 Y:00 P:A5 SP:FB CLC:02E8
CA08  D0 07     BNE $CA11                       A:80 X:00 Y:00 P:27 SP:FB CLC:02EA
CA0A  30 05     BMI $CA11                       A:80 X:00 Y:00 P:27 SP:FB CLC:02EC
CA0C  90 03     BCC $CA11                       A:80 X:00 Y:00 P:27 SP:FB CLC:02EE
CA0E  4C 15 CA  JMP $CA15                       A:80 X:00 Y:00 P:27 SP:FB CLC:02F0
CA15  EA        NOP                             A:80 X:00 Y:00 P:27 SP:FB CLC:02F3
CA16  C9 81     CMP #$81                        A:80 X:00 Y:00 P:27 SP:FB CLC:02F5
CA18  B0 07     BCS $CA21                       A:80 X:00 Y:00 P:A4 SP:FB CLC:02F7
CA1A  F0 05     BEQ $CA21                       A:80 X:00 Y:00 P:A4 SP:FB CLC:02F9
CA1C  10 03     BPL $CA21                       A:80 X:00 Y:00 P:A4 SP:FB CLC:02FB
CA1E  4C 25 CA  JMP $CA25                       A:80 X:00 Y:00 P:A4 SP:FB CLC:02FD
CA25  EA        NOP                             A:80 X:00 Y:00 P:A4 SP:FB CLC:0300
CA26  C9 7F     CMP #$7F                        A:80 X:00 Y:00 P:A4 SP:FB CLC:0302
CA28  90 07     BCC $CA31                       A:80 X:00 Y:00 P:25 SP:FB CLC:0304
CA2A  F0 05     BEQ $CA31                       A:80 X:00 Y:00 P:25 SP:FB CLC:0306
CA2C  30 03     BMI $CA31                       A:80 X:00 Y:00 P:25 SP:FB CLC:0308
CA2E  4C 35 CA  JMP $CA35                       A:80 X:00 Y:00 P:25 SP:FB CLC:030A
CA35  EA        NOP                             A:80 X:00 Y:00 P:25 SP:FB CLC:030D
CA36  24 01     BIT $01 = FF                    A:80 X:00 Y:00 P:25 SP:FB CLC:030F
CA38  A0 40     LDY #$40                        A:80 X:00 Y:00 P:E5 SP:FB CLC:0312
CA3A  C0 40     CPY #$40                        A:80 X:00 Y:40 P:65 SP:FB CLC:0314
CA3C  D0 09     BNE $CA47                       A:80 X:00 Y:40 P:67 SP:FB CLC:0316
CA3E  30 07     BMI $CA47                       A:80 X:00 Y:40 P:67 SP:FB CLC:0318
CA40  90 05     BCC $CA47                       A:80 X:00 Y:40 P:67 SP:FB CLC:031A
CA42  50 03     BVC $CA47                       A:80 X:00 Y:40 P:67 SP:FB CLC:031C
CA44  4C 4B CA  JMP $CA4B                       A:80 X:00 Y:40 P:67 SP:FB CLC:031E
CA4B  EA        NOP                             A:80 X:00 Y:40 P:67 SP:FB CLC:0321
CA4C  B8        CLV                             A:80 X:00 Y:40 P:67 SP:FB CLC:0323
CA4D  C0 3F     CPY #$3F                        A:80 X:00 Y:40 P:27 SP:FB CLC:0325
CA4F  F0 09     BEQ $CA5A                       A:80 X:00 Y:40 P:25 SP:FB CLC:0327
CA51  30 07     BMI $CA5A                       A:80 X:00 Y:40 P:25 SP:FB CLC:0329
CA53  90 05     BCC $CA5A                       A:80 X:00 Y:40 P:25 SP:FB CLC:032B
CA55  70 03     BVS $CA5A                       A:80 X:00 Y:40 P:25 SP:FB CLC:032D
CA57  4C 5E CA  JMP $CA5E                       A:80 X:00 Y:40 P:25 SP:FB CLC:032F
CA5E  EA        NOP                             A:80 X:00 Y:40 P:25 SP:FB CLC:0332
CA5F  C0 41     CPY #$41                        A:80 X:00 Y:40 P:25 SP:FB CLC:0334
CA61  F0 07     BEQ $CA6A                       A:80 X:00 Y:40 P:A4 SP:FB CLC:0336
CA63  10 05     BPL $CA6A                       A:80 X:00 Y:40 P:A4 SP:FB CLC:0338
CA65  10 03     BPL $CA6A                       A:80 X:00 Y:40 P:A4 SP:FB CLC:033A
CA67  4C 6E CA  JMP $CA6E                       A:80 X:00 Y:40 P:A4 SP:FB CLC:033C
CA6E  EA        NOP                             A:80 X:00 Y:40 P:A4 SP:FB CLC:033F
CA6F  A0 80     LDY #$80                        A:80 X:00 Y:40 P:A4 SP:FB CLC:0341
CA71  C0 00     CPY #$00                        A:80 X:00 Y:80 P:A4 SP:FB CLC:0343
CA73  F0 07     BEQ $CA7C                       A:80 X:00 Y:80 P:A5 SP:FB CLC:0345
CA75  10 05     BPL $CA7C                       A:80 X:00 Y:80 P:A5 SP:FB CLC:0347
CA77  90 03     BCC $CA7C                       A:80 X:00 Y:80 P:A5 SP:FB CLC:0349
CA79  4C 80 CA  JMP $CA80                       A:80 X:00 Y:80 P:A5 SP:FB CLC:034B
CA80  EA        NOP                             A:80 X:00 Y:80 P:A5 SP:FB CLC:034E
CA81  C0 80     CPY #$80                        A:80 X:00 Y:80 P:A5 SP:FB CLC:0350
CA83  D0 07     BNE $CA8C                       A:80 X:00 Y:80 P:27 SP:FB CLC:0352
CA85  30 05     BMI $CA8C                       A:80 X:00 Y:80 P:27 SP:FB CLC:0354
CA87  90 03     BCC $CA8C                       A:80 X:00 Y:80 P:27 SP:FB CLC:0356
CA89  4C 90 CA  JMP $CA90                       A:80 X:00 Y:80 P:27 SP:FB CLC:0358
CA90  EA        NOP                             A:80 X:00 Y:80 P:27 SP:FB CLC:035B
CA91  C0 81     CPY #$81                        A:80 X:00 Y:80 P:27 SP:FB CLC:035D
CA93  B0 07     BCS $CA9C                       A:80 X:00 Y:80 P:A4 SP:FB CLC:035F
CA95  F0 05     BEQ $CA9C                       A:80 X:00 Y:80 P:A4 SP:FB CLC:0361
CA97  10 03     BPL $CA9C                       A:80 X:00 Y:80 P:A4 SP:FB CLC:0363
CA99  4C A0 CA  JMP $CAA0                       A:80 X:00 Y:80 P:A4 SP:FB CLC:0365
CAA0  EA        NOP                             A:80 X:00 Y:80 P:A4 SP:FB CLC:0368
CAA1  C0 7F     CPY #$7F                        A:80 X:00 Y:80 P:A4 SP:FB CLC:036A
CAA3  90 07     BCC $CAAC                       A:80 X:00 Y:80 P:25 SP:FB CLC:036C
CAA5  F0 05     BEQ $CAAC                       A:80 X:00 Y:80 P:25 SP:FB CLC:036E
CAA7  30 03     BMI $CAAC                       A:80 X:00 Y:80 P:25 SP:FB CLC:0370
CAA9  4C B0 CA  JMP $CAB0                       A:80 X:00 Y:80 P:25 SP:FB CLC:0372
CAB0  EA        NOP                             A:80 X:00 Y:80 P:25 SP:FB CLC:0375
CAB1  24 01     BIT $01 = FF                    A:80 X:00 Y:80 P:25 SP:FB CLC:0377
CAB3  A2 40     LDX #$40                        A:80 X:00 Y:80 P:E5 SP:FB CLC:037A
CAB5  E0 40     CPX #$40                        A:80 X:40 Y:80 P:65 SP:FB CLC:037C
CAB7  D0 09     BNE $CAC2                       A:80 X:40 Y:80 P:67 SP:FB CLC:037E
CAB9  30 07     BMI $CAC2                       A:80 X:40 Y:80 P:67 SP:FB CLC:0380
CABB  90 05     BCC $CAC2                       A:80 X:40 Y:80 P:67 SP:FB CLC:0382
CABD  50 03     BVC $CAC2                       A:80 X:40 Y:80 P:67 SP:FB CLC:0384
CABF  4C C6 CA  JMP $CAC6                       A:80 X:40 Y:80 P:67 SP:FB CLC:0386
CAC6  EA        NOP                             A:80 X:40 Y:80 P:67 SP:FB CLC:0389
CAC7  B8        CLV                             A:80 X:40 Y:80 P:67 SP:FB CLC:038B
CAC8  E0 3F     CPX #$3F                        A:80 X:40 Y:80 P:27 SP:FB CLC:038D
CACA  F0 09     BEQ $CAD5                       A:80 X:40 Y:80 P:25 SP:FB CLC:038F
CACC  30 07     BMI $CAD5                       A:80 X:40 Y:80 P:25 SP:FB CLC:0391
CACE  90 05     BCC $CAD5                       A:80 X:40 Y:80 P:25 SP:FB CLC:0393
CAD0  70 03     BVS $CAD5                       A:80 X:40 Y:80 P:25 SP:FB CLC:0395
CAD2  4C D9 CA  JMP $CAD9                       A:80 X:40 Y:80 P:25 SP:FB CLC:0397
CAD9  EA        NOP                             A:80 X:40 Y:80 P:25 SP:FB CLC:039A
CADA  E0 41     CPX #$41                        A:80 X:40 Y:80 P:25 SP:FB CLC:039C
CADC  F0 07     BEQ $CAE5                       A:80 X:40 Y:80 P:A4 SP:FB CLC:039E
CADE  10 05     BPL $CAE5                       A:80 X:40 Y:80 P:A4 SP:FB CLC:03A0
CAE0  10 03     BPL $CAE5                       A:80 X:40 Y:80 P:A4 SP:FB CLC:03A2
CAE2  4C E9 CA  JMP $CAE9                       A:80 X:40 Y:80 P:A4 SP:FB CLC:03A4
CAE9  EA        NOP                             A:80 X:40 Y:80 P:A4 SP:FB CLC:03A7
CAEA  A2 80     LDX #$80                        A:80 X:40 Y:80 P:A4 SP:FB CLC:03A9
CAEC  E0 00     CPX #$00                        A:80 X:80 Y:80 P:A4 SP:FB CLC:03AB
CAEE  F0 07     BEQ $CAF7                       A:80 X:80 Y:80 P:A5 SP:FB CLC:03AD
CAF0  10 05     BPL $CAF7                       A:80 X:80 Y:80 P:A5 SP:FB CLC:03AF
CAF2  90 03     BCC $CAF7                       A:80 X:80 Y:80 P:A5 SP:FB CLC:03B1
CAF4  4C FB CA  JMP $CAFB                       A:80 X:80 Y:80 P:A5 SP:FB CLC:03B3
CAFB  EA        NOP                             A:80 X:80 Y:80 P:A5 SP:FB CLC:03B6
CAFC  E0 80     CPX #$80                        A:80 X:80 Y:80 P:A5 SP:FB CLC:03B8
CAFE  D0 07     BNE $CB07                       A:80 X:80 Y:80 P:27 SP:FB CLC:03BA
CB00  30 05     BMI $CB07                       A:80 X:80 Y:80 P:27 SP:FB CLC:03BC
CB02  90 03     BCC $CB07                       A:80 X:80 Y:80 P:27 SP:FB CLC:03BE
CB04  4C 0B CB  JMP $CB0B                       A:80 X:80 Y:80 P:27 SP:FB CLC:03C0
CB0B  EA        NOP                             A:80 X:80 Y:80 P:27 SP:FB CLC:03C3
CB0C  E0 81     CPX #$81                        A:80 X:80 Y:80 P:27 SP:FB CLC:03C5
CB0E  B0 07     BCS $CB17                       A:80 X:80 Y:80 P:A4 SP:FB CLC:03C7
CB10  F0 05     BEQ $CB17                       A:80 X:80 Y:80 P:A4 SP:FB CLC:03C9
CB12  10 03     BPL $CB17                       A:80 X:80 Y:80 P:A4 SP:FB CLC:03CB
CB14  4C 1B CB  JMP $CB1B                       A:80 X:80 Y:80 P:A4 SP:FB CLC:03CD
CB1B  EA        NOP                             A:80 X:80 Y:80 P:A4 SP:FB CLC:03D0
CB1C  E0 7F     CPX #$7F                        A:80 X:80 Y:80 P:A4 SP:FB CLC:03D2
CB1E  90 07     BCC $CB27                       A:80 X:80 Y:80 P:25 SP:FB CLC:03D4
CB20  F0 05     BEQ $CB27                       A:80 X:80 Y:80 P:25 SP:FB CLC:03D6
CB22  30 03     BMI $CB27                       A:80 X:80 Y:80 P:25 SP:FB CLC:03D8
CB24  4C 2B CB  JMP $CB2B                       A:80 X:80 Y:80 P:25 SP:FB CLC:03DA
CB2B  EA        NOP                             A:80 X:80 Y:80 P:25 SP:FB CLC:03DD
CB2C  38        SEC                             A:80 X:80 Y:80 P:25 SP:FB CLC:03DF
CB2D  B8        CLV                             A:80 X:80 Y:80 P:25 SP:FB CLC:03E1
CB2E  A2 9F     LDX #$9F                        A:80 X:80 Y:80 P:25 SP:FB CLC:03E3
CB30  F0 09     BEQ $CB3B                       A:80 X:9F Y:80 P:A5 SP:FB CLC:03E5
CB32  10 07     BPL $CB3B                       A:80 X:9F Y:80 P:A5 SP:FB CLC:03E7
CB34  70 05     BVS $CB3B                       A:80 X:9F Y:80 P:A5 SP:FB CLC:03E9
CB36  90 03     BCC $CB3B                       A:80 X:9F Y:80 P:A5 SP:FB CLC:03EB
CB38  4C 3F CB  JMP $CB3F                       A:80 X:9F Y:80 P:A5 SP:FB CLC:03ED
CB3F  EA        NOP                             A:80 X:9F Y:80 P:A5 SP:FB CLC:03F0
CB40  18        CLC                             A:80 X:9F Y:80 P:A5 SP:FB CLC:03F2
CB41  24 01     BIT $01 = FF                    A:80 X:9F Y:80 P:A4 SP:FB CLC:03F4
CB43  A2 00     LDX #$00                        A:80 X:9F Y:80 P:E4 SP:FB CLC:03F7
CB45  D0 09     BNE $CB50                       A:80 X:00 Y:80 P:66 SP:FB CLC:03F9
CB47  30 07     BMI $CB50                       A:80 X:00 Y:80 P:66 SP:FB CLC:03FB
CB49  50 05     BVC $CB50                       A:80 X:00 Y:80 P:66 SP:FB CLC:03FD
CB4B  B0 03     BCS $CB50                       A:80 X:00 Y:80 P:66 SP:FB CLC:03FF
CB4D  4C 54 CB  JMP $CB54                       A:80 X:00 Y:80 P:66 SP:FB CLC:0401
CB54  EA        NOP                             A:80 X:00 Y:80 P:66 SP:FB CLC:0404
CB55  38        SEC                             A:80 X:00 Y:80 P:66 SP:FB CLC:0406
CB56  B8        CLV                             A:80 X:00 Y:80 P:67 SP:FB CLC:0408
CB57  A0 9F     LDY #$9F                        A:80 X:00 Y:80 P:27 SP:FB CLC:040A
CB59  F0 09     BEQ $CB64                       A:80 X:00 Y:9F P:A5 SP:FB CLC:040C
CB5B  10 07     BPL $CB64                       A:80 X:00 Y:9F P:A5 SP:FB CLC:040E
CB5D  70 05     BVS $CB64                       A:80 X:00 Y:9F P:A5 SP:FB CLC:0410
CB5F  90 03     BCC $CB64                       A:80 X:00 Y:9F P:A5 SP:FB CLC:0412
CB61  4C 68 CB  JMP $CB68                       A:80 X:00 Y:9F P:A5 SP:FB CLC:0414
CB68  EA        NOP                             A:80 X:00 Y:9F P:A5 SP:FB CLC:0417
CB69  18        CLC                             A:80 X:00 Y:9F P:A5 SP:FB CLC:0419
CB6A  24 01     BIT $01 = FF                    A:80 X:00 Y:9F P:A4 SP:FB CLC:041B
CB6C  A0 00     LDY #$00                        A:80 X:00 Y:9F P:E4 SP:FB CLC:041E
CB6E  D0 09     BNE $CB79                       A:80 X:00 Y:00 P:66 SP:FB CLC:0420
CB70  30 07     BMI $CB79                       A:80 X:00 Y:00 P:66 SP:FB CLC:0422
CB72  50 05     BVC $CB79                       A:80 X:00 Y:00 P:66 SP:FB CLC:0424
CB74  B0 03     BCS $CB79                       A:80 X:00 Y:00 P:66 SP:FB CLC:0426
CB76  4C 7D CB  JMP $CB7D                       A:80 X:00 Y:00 P:66 SP:FB CLC:0428
CB7D  EA        NOP                             A:80 X:00 Y:00 P:66 SP:FB CLC:042B
CB7E  A9 55     LDA #$55                        A:80 X:00 Y:00 P:66 SP:FB CLC:042D
CB80  A2 AA     LDX #$AA                        A:55 X:00 Y:00 P:64 SP:FB CLC:042F
CB82  A0 33     LDY #$33                        A:55 X:AA Y:00 P:E4 SP:FB CLC:0431
CB84  C9 55     CMP #$55                        A:55 X:AA Y:33 P:64 SP:FB CLC:0433
CB86  D0 23     BNE $CBAB                       A:55 X:AA Y:33 P:67 SP:FB CLC:0435
CB88  E0 AA     CPX #$AA                        A:55 X:AA Y:33 P:67 SP:FB CLC:0437
CB8A  D0 1F     BNE $CBAB                       A:55 X:AA Y:33 P:67 SP:FB CLC:0439
CB8C  C0 33     CPY #$33                        A:55 X:AA Y:33 P:67 SP:FB CLC:043B
CB8E  D0 1B     BNE $CBAB                       A:55 X:AA Y:33 P:67 SP:FB CLC:043D
CB90  C9 55     CMP #$55                        A:55 X:AA Y:33 P:67 SP:FB CLC:043F
CB92  D0 17     BNE $CBAB                       A:55 X:AA Y:33 P:67 SP:FB CLC:0441
CB94  E0 AA     CPX #$AA                        A:55 X:AA Y:33 P:67 SP:FB CLC:0443
CB96  D0 13     BNE $CBAB                       A:55 X:AA Y:33 P:67 SP:FB CLC:0445
CB98  C0 33     CPY #$33                        A:55 X:AA Y:33 P:67 SP:FB CLC:0447
CB9A  D0 0F     BNE $CBAB                       A:55 X:AA Y:33 P:67 SP:FB CLC:0449
CB9C  C9 56     CMP #$56                        A:55 X:AA Y:33 P:67 SP:FB CLC:044B
CB9E  F0 0B     BEQ $CBAB                       A:55 X:AA Y:33 P:E4 SP:FB CLC:044D
CBA0  E0 AB     CPX #$AB                        A:55 X:AA Y:33 P:E4 SP:FB CLC:044F
CBA2  F0 07     BEQ $CBAB                       A:55 X:AA Y:33 P:E4 SP:FB CLC:0451
CBA4  C0 34     CPY #$34                        A:55 X:AA Y:33 P:E4 SP:FB CLC:0453
CBA6  F0 03     BEQ $CBAB                       A:55 X:AA Y:33 P:E4 SP:FB CLC:0455
CBA8  4C AF CB  JMP $CBAF                       A:55 X:AA Y:33 P:E4 SP:FB CLC:0457
CBAF  A0 71     LDY #$71                        A:55 X:AA Y:33 P:E4 SP:FB CLC:045A
CBB1  20 31 F9  JSR $F931                       A:55 X:AA Y:71 P:64 SP:FB CLC:045C
F931  24 01     BIT $01 = FF                    A:55 X:AA Y:71 P:64 SP:F9 CLC:0462
F933  A9 40     LDA #$40                        A:55 X:AA Y:71 P:E4 SP:F9 CLC:0465
F935  38        SEC                             A:40 X:AA Y:71 P:64 SP:F9 CLC:0467
F936  60        RTS                             A:40 X:AA Y:71 P:65 SP:F9 CLC:0469
CBB4  E9 40     SBC #$40                        A:40 X:AA Y:71 P:65 SP:FB CLC:046F
CBB6  20 37 F9  JSR $F937                       A:FF X:AA Y:71 P:E5 SP:FB CLC:0471
F937  30 0B     BMI $F944                       A:FF X:AA Y:71 P:E5 SP:F9 CLC:0477
F944  84 00     STY $00 = 00                    A:FF X:AA Y:71 P:E5 SP:F9 CLC:047A
F946  60        RTS                             A:FF X:AA Y:71 P:E5 SP:F9 CLC:047D
CBB9  C8        INY                             A:FF X:AA Y:71 P:E5 SP:FB CLC:0483
CBBA  20 47 F9  JSR $F947                       A:FF X:AA Y:72 P:65 SP:FB CLC:0485
F947  B8        CLV                             A:FF X:AA Y:72 P:65 SP:F9 CLC:048B
F948  38        SEC                             A:FF X:AA Y:72 P:25 SP:F9 CLC:048D
F949  A9 40     LDA #$40                        A:FF X:AA Y:72 P:25 SP:F9 CLC:048F
F94B  60        RTS                             A:40 X:AA Y:72 P:25 SP:F9 CLC:0491
CBBD  E9 3F     SBC #$3F                        A:40 X:AA Y:72 P:25 SP:FB CLC:0497
CBBF  20 4C F9  JSR $F94C                       A:00 X:AA Y:72 P:26 SP:FB CLC:0499
F94C  F0 0B     BEQ $F959                       A:00 X:AA Y:72 P:26 SP:F9 CLC:049F
F959  84 00     STY $00 = 71                    A:00 X:AA Y:72 P:26 SP:F9 CLC:04A2
F95B  60        RTS                             A:00 X:AA Y:72 P:26 SP:F9 CLC:04A5
CBC2  C8        INY                             A:00 X:AA Y:72 P:26 SP:FB CLC:04AB
CBC3  20 5C F9  JSR $F95C                       A:00 X:AA Y:73 P:24 SP:FB CLC:04AD
F95C  A9 40     LDA #$40                        A:00 X:AA Y:73 P:24 SP:F9 CLC:04B3
F95E  38        SEC                             A:40 X:AA Y:73 P:24 SP:F9 CLC:04B5
F95F  24 01     BIT $01 = FF                    A:40 X:AA Y:73 P:25 SP:F9 CLC:04B7
F961  60        RTS                             A:40 X:AA Y:73 P:E5 SP:F9 CLC:04BA
CBC6  E9 41     SBC #$41                        A:40 X:AA Y:73 P:E5 SP:FB CLC:04C0
CBC8  20 62 F9  JSR $F962                       A:FE X:AA Y:73 P:E5 SP:FB CLC:04C2
F962  B0 0B     BCS $F96F                       A:FE X:AA Y:73 P:E5 SP:F9 CLC:04C8
F96F  84 00     STY $00 = 72                    A:FE X:AA Y:73 P:E5 SP:F9 CLC:04CB
F971  60        RTS                             A:FE X:AA Y:73 P:E5 SP:F9 CLC:04CE
CBCB  C8        INY                             A:FE X:AA Y:73 P:E5 SP:FB CLC:04D4
CBCC  20 72 F9  JSR $F972                       A:FE X:AA Y:74 P:65 SP:FB CLC:04D6
F972  18        CLC                             A:FE X:AA Y:74 P:65 SP:F9 CLC:04DC
F973  A9 80     LDA #$80                        A:FE X:AA Y:74 P:64 SP:F9 CLC:04DE
F975  60        RTS                             A:80 X:AA Y:74 P:E4 SP:F9 CLC:04E0
CBCF  E9 00     SBC #$00                        A:80 X:AA Y:74 P:E4 SP:FB CLC:04E6
CBD1  20 76 F9  JSR $F976                       A:80 X:AA Y:74 P:A4 SP:FB CLC:04E8
F976  90 05     BCC $F97D                       A:80 X:AA Y:74 P:A4 SP:F9 CLC:04EE
F97D  84 00     STY $00 = 73                    A:80 X:AA Y:74 P:A4 SP:F9 CLC:04F1
F97F  60        RTS                             A:80 X:AA Y:74 P:A4 SP:F9 CLC:04F4
CBD4  C8        INY                             A:80 X:AA Y:74 P:A4 SP:FB CLC:04FA
CBD5  20 80 F9  JSR $F980                       A:80 X:AA Y:75 P:24 SP:FB CLC:04FC
F980  38        SEC                             A:80 X:AA Y:75 P:24 SP:F9 CLC:0502
F981  A9 81     LDA #$81                        A:80 X:AA Y:75 P:25 SP:F9 CLC:0504
F983  60        RTS                             A:81 X:AA Y:75 P:A5 SP:F9 CLC:0506
CBD8  E9 7F     SBC #$7F                        A:81 X:AA Y:75 P:A5 SP:FB CLC:050C
CBDA  20 84 F9  JSR $F984                       A:01 X:AA Y:75 P:64 SP:FB CLC:050E
F984  50 07     BVC $F98D                       A:01 X:AA Y:75 P:64 SP:F9 CLC:0514
F986  90 05     BCC $F98D                       A:01 X:AA Y:75 P:64 SP:F9 CLC:0516
F98D  84 00     STY $00 = 74                    A:01 X:AA Y:75 P:64 SP:F9 CLC:0519
F98F  60        RTS                             A:01 X:AA Y:75 P:64 SP:F9 CLC:051C
CBDD  60        RTS                             A:01 X:AA Y:75 P:64 SP:FB CLC:0522
C606  20 DE CB  JSR $CBDE                       A:01 X:AA Y:75 P:64 SP:FD CLC:0528
CBDE  EA        NOP                             A:01 X:AA Y:75 P:64 SP:FB CLC:052E
CBDF  A9 FF     LDA #$FF                        A:01 X:AA Y:75 P:64 SP:FB CLC:0530
CBE1  85 01     STA $01 = FF                    A:FF X:AA Y:75 P:E4 SP:FB CLC:0532
CBE3  A9 44     LDA #$44                        A:FF X:AA Y:75 P:E4 SP:FB CLC:0535
CBE5  A2 55     LDX #$55                        A:44 X:AA Y:75 P:64 SP:FB CLC:0537
CBE7  A0 66     LDY #$66                        A:44 X:55 Y:75 P:64 SP:FB CLC:0539
CBE9  E8        INX                             A:44 X:55 Y:66 P:64 SP:FB CLC:053B
CBEA  88        DEY                             A:44 X:56 Y:66 P:64 SP:FB CLC:053D
CBEB  E0 56     CPX #$56                        A:44 X:56 Y:65 P:64 SP:FB CLC:053F
CBED  D0 21     BNE $CC10                       A:44 X:56 Y:65 P:67 SP:FB CLC:0541
CBEF  C0 65     CPY #$65                        A:44 X:56 Y:65 P:67 SP:FB CLC:0543
CBF1  D0 1D     BNE $CC10                       A:44 X:56 Y:65 P:67 SP:FB CLC:0545
CBF3  E8        INX                             A:44 X:56 Y:65 P:67 SP:FB CLC:0547
CBF4  E8        INX                             A:44 X:57 Y:65 P:65 SP:FB CLC:0549
CBF5  88        DEY                             A:44 X:58 Y:65 P:65 SP:FB CLC:054B
CBF6  88        DEY                             A:44 X:58 Y:64 P:65 SP:FB CLC:054D
CBF7  E0 58     CPX #$58                        A:44 X:58 Y:63 P:65 SP:FB CLC:054F
CBF9  D0 15     BNE $CC10                       A:44 X:58 Y:63 P:67 SP:FB CLC:0551
CBFB  C0 63     CPY #$63                        A:44 X:58 Y:63 P:67 SP:FB CLC:0553
CBFD  D0 11     BNE $CC10                       A:44 X:58 Y:63 P:67 SP:FB CLC:0555
CBFF  CA        DEX                             A:44 X:58 Y:63 P:67 SP:FB CLC:0557
CC00  C8        INY                             A:44 X:57 Y:63 P:65 SP:FB CLC:0559
CC01  E0 57     CPX #$57                        A:44 X:57 Y:64 P:65 SP:FB CLC:055B
CC03  D0 0B     BNE $CC10                       A:44 X:57 Y:64 P:67 SP:FB CLC:055D
CC05  C0 64     CPY #$64                        A:44 X:57 Y:64 P:67 SP:FB CLC:055F
CC07  D0 07     BNE $CC10                       A:44 X:57 Y:64 P:67 SP:FB CLC:0561
CC09  C9 44     CMP #$44                        A:44 X:57 Y:64 P:67 SP:FB CLC:0563
CC0B  D0 03     BNE $CC10                       A:44 X:57 Y:64 P:67 SP:FB CLC:0565
CC0D  4C 14 CC  JMP $CC14                       A:44 X:57 Y:64 P:67 SP:FB CLC:0567
CC14  EA        NOP                             A:44 X:57 Y:64 P:67 SP:FB CLC:056A
CC15  38        SEC                             A:44 X:57 Y:64 P:67 SP:FB CLC:056C
CC16  A2 69     LDX #$69                        A:44 X:57 Y:64 P:67 SP:FB CLC:056E
CC18  A9 96     LDA #$96                        A:44 X:69 Y:64 P:65 SP:FB CLC:0570
CC1A  24 01     BIT $01 = FF                    A:96 X:69 Y:64 P:E5 SP:FB CLC:0572
CC1C  A0 FF     LDY #$FF                        A:96 X:69 Y:64 P:E5 SP:FB CLC:0575
CC1E  C8        INY                             A:96 X:69 Y:FF P:E5 SP:FB CLC:0577
CC1F  D0 3D     BNE $CC5E                       A:96 X:69 Y:00 P:67 SP:FB CLC:0579
CC21  30 3B     BMI $CC5E                       A:96 X:69 Y:00 P:67 SP:FB CLC:057B
CC23  90 39     BCC $CC5E                       A:96 X:69 Y:00 P:67 SP:FB CLC:057D
CC25  50 37     BVC $CC5E                       A:96 X:69 Y:00 P:67 SP:FB CLC:057F
CC27  C0 00     CPY #$00                        A:96 X:69 Y:00 P:67 SP:FB CLC:0581
CC29  D0 33     BNE $CC5E                       A:96 X:69 Y:00 P:67 SP:FB CLC:0583
CC2B  C8        INY                             A:96 X:69 Y:00 P:67 SP:FB CLC:0585
CC2C  F0 30     BEQ $CC5E                       A:96 X:69 Y:01 P:65 SP:FB CLC:0587
CC2E  30 2E     BMI $CC5E                       A:96 X:69 Y:01 P:65 SP:FB CLC:0589
CC30  90 2C     BCC $CC5E                       A:96 X:69 Y:01 P:65 SP:FB CLC:058B
CC32  50 2A     BVC $CC5E                       A:96 X:69 Y:01 P:65 SP:FB CLC:058D
CC34  18        CLC                             A:96 X:69 Y:01 P:65 SP:FB CLC:058F
CC35  B8        CLV                             A:96 X:69 Y:01 P:64 SP:FB CLC:0591
CC36  A0 00     LDY #$00                        A:96 X:69 Y:01 P:24 SP:FB CLC:0593
CC38  88        DEY                             A:96 X:69 Y:00 P:26 SP:FB CLC:0595
CC39  F0 23     BEQ $CC5E                       A:96 X:69 Y:-1 P:A4 SP:FB CLC:0597
CC3B  10 21     BPL $CC5E                       A:96 X:69 Y:-1 P:A4 SP:FB CLC:0599
CC3D  B0 1F     BCS $CC5E                       A:96 X:69 Y:-1 P:A4 SP:FB CLC:059B
CC3F  70 1D     BVS $CC5E                       A:96 X:69 Y:-1 P:A4 SP:FB CLC:059D
CC41  C0 FF     CPY #$FF                        A:96 X:69 Y:-1 P:A4 SP:FB CLC:059F
CC43  D0 19     BNE $CC5E                       A:96 X:69 Y:-1 P:24 SP:FB CLC:05A1
CC5E  A2 3F     LDX #$3F                        A:96 X:69 Y:-1 P:24 SP:FB CLC:05A4
CC60  86 00     STX $00 = 75                    A:96 X:3F Y:-1 P:24 SP:FB CLC:05A6
CC62  EA        NOP                             A:96 X:3F Y:-1 P:24 SP:FB CLC:05A9
CC63  38        SEC                             A:96 X:3F Y:-1 P:24 SP:FB CLC:05AB
CC64  A0 69     LDY #$69                        A:96 X:3F Y:-1 P:25 SP:FB CLC:05AD
CC66  A9 96     LDA #$96                        A:96 X:3F Y:69 P:25 SP:FB CLC:05AF
CC68  24 01     BIT $01 = FF                    A:96 X:3F Y:69 P:A5 SP:FB CLC:05B1
CC6A  A2 FF     LDX #$FF                        A:96 X:3F Y:69 P:E5 SP:FB CLC:05B4
CC6C  E8        INX                             A:96 X:FF Y:69 P:E5 SP:FB CLC:05B6
CC6D  D0 3D     BNE $CCAC                       A:96 X:00 Y:69 P:67 SP:FB CLC:05B8
CC6F  30 3B     BMI $CCAC                       A:96 X:00 Y:69 P:67 SP:FB CLC:05BA
CC71  90 39     BCC $CCAC                       A:96 X:00 Y:69 P:67 SP:FB CLC:05BC
CC73  50 37     BVC $CCAC                       A:96 X:00 Y:69 P:67 SP:FB CLC:05BE
CC75  E0 00     CPX #$00                        A:96 X:00 Y:69 P:67 SP:FB CLC:05C0
CC77  D0 33     BNE $CCAC                       A:96 X:00 Y:69 P:67 SP:FB CLC:05C2
CC79  E8        INX                             A:96 X:00 Y:69 P:67 SP:FB CLC:05C4
CC7A  F0 30     BEQ $CCAC                       A:96 X:01 Y:69 P:65 SP:FB CLC:05C6
CC7C  30 2E     BMI $CCAC                       A:96 X:01 Y:69 P:65 SP:FB CLC:05C8
CC7E  90 2C     BCC $CCAC                       A:96 X:01 Y:69 P:65 SP:FB CLC:05CA
CC80  50 2A     BVC $CCAC                       A:96 X:01 Y:69 P:65 SP:FB CLC:05CC
CC82  18        CLC                             A:96 X:01 Y:69 P:65 SP:FB CLC:05CE
CC83  B8        CLV                             A:96 X:01 Y:69 P:64 SP:FB CLC:05D0
CC84  A2 00     LDX #$00                        A:96 X:01 Y:69 P:24 SP:FB CLC:05D2
CC86  CA        DEX                             A:96 X:00 Y:69 P:26 SP:FB CLC:05D4
CC87  F0 23     BEQ $CCAC                       A:96 X:FF Y:69 P:E4 SP:FB CLC:05D6
CC89  10 21     BPL $CCAC                       A:96 X:FF Y:69 P:E4 SP:FB CLC:05D8
CC8B  B0 1F     BCS $CCAC                       A:96 X:FF Y:69 P:E4 SP:FB CLC:05DA
CC8D  70 1D     BVS $CCAC                       A:96 X:FF Y:69 P:E4 SP:FB CLC:05DC
CCAC  A2 40     LDX #$40                        A:96 X:FF Y:69 P:E4 SP:FB CLC:05DF
CCAE  86 00     STX $00 = 3F                    A:96 X:40 Y:69 P:64 SP:FB CLC:05E1
CCB0  EA        NOP                             A:96 X:40 Y:69 P:64 SP:FB CLC:05E4
CCB1  A9 85     LDA #$85                        A:96 X:40 Y:69 P:64 SP:FB CLC:05E6
CCB3  A2 34     LDX #$34                        A:85 X:40 Y:69 P:E4 SP:FB CLC:05E8
CCB5  A0 99     LDY #$99                        A:85 X:34 Y:69 P:64 SP:FB CLC:05EA
CCB7  18        CLC                             A:85 X:34 Y:99 P:E4 SP:FB CLC:05EC
CCB8  24 01     BIT $01 = FF                    A:85 X:34 Y:99 P:E4 SP:FB CLC:05EE
CCBA  A8        TAY                             A:85 X:34 Y:99 P:E4 SP:FB CLC:05F1
CCBB  F0 2E     BEQ $CCEB                       A:85 X:34 Y:85 P:E4 SP:FB CLC:05F3
CCBD  B0 2C     BCS $CCEB                       A:85 X:34 Y:85 P:E4 SP:FB CLC:05F5
CCBF  50 2A     BVC $CCEB                       A:85 X:34 Y:85 P:E4 SP:FB CLC:05F7
CCC1  10 28     BPL $CCEB                       A:85 X:34 Y:85 P:E4 SP:FB CLC:05F9
CCC3  C9 85     CMP #$85                        A:85 X:34 Y:85 P:E4 SP:FB CLC:05FB
CCC5  D0 24     BNE $CCEB                       A:85 X:34 Y:85 P:67 SP:FB CLC:05FD
CCC7  E0 34     CPX #$34                        A:85 X:34 Y:85 P:67 SP:FB CLC:05FF
CCC9  D0 20     BNE $CCEB                       A:85 X:34 Y:85 P:67 SP:FB CLC:0601
CCCB  C0 85     CPY #$85                        A:85 X:34 Y:85 P:67 SP:FB CLC:0603
CCCD  D0 1C     BNE $CCEB                       A:85 X:34 Y:85 P:67 SP:FB CLC:0605
CCCF  A9 00     LDA #$00                        A:85 X:34 Y:85 P:67 SP:FB CLC:0607
CCD1  38        SEC                             A:00 X:34 Y:85 P:67 SP:FB CLC:0609
CCD2  B8        CLV                             A:00 X:34 Y:85 P:67 SP:FB CLC:060B
CCD3  A8        TAY                             A:00 X:34 Y:85 P:27 SP:FB CLC:060D
CCD4  D0 15     BNE $CCEB                       A:00 X:34 Y:00 P:27 SP:FB CLC:060F
CCD6  90 13     BCC $CCEB                       A:00 X:34 Y:00 P:27 SP:FB CLC:0611
CCD8  70 11     BVS $CCEB                       A:00 X:34 Y:00 P:27 SP:FB CLC:0613
CCDA  30 0F     BMI $CCEB                       A:00 X:34 Y:00 P:27 SP:FB CLC:0615
CCDC  C9 00     CMP #$00                        A:00 X:34 Y:00 P:27 SP:FB CLC:0617
CCDE  D0 0B     BNE $CCEB                       A:00 X:34 Y:00 P:27 SP:FB CLC:0619
CCE0  E0 34     CPX #$34                        A:00 X:34 Y:00 P:27 SP:FB CLC:061B
CCE2  D0 07     BNE $CCEB                       A:00 X:34 Y:00 P:27 SP:FB CLC:061D
CCE4  C0 00     CPY #$00                        A:00 X:34 Y:00 P:27 SP:FB CLC:061F
CCE6  D0 03     BNE $CCEB                       A:00 X:34 Y:00 P:27 SP:FB CLC:0621
CCE8  4C EF CC  JMP $CCEF                       A:00 X:34 Y:00 P:27 SP:FB CLC:0623
CCEF  EA        NOP                             A:00 X:34 Y:00 P:27 SP:FB CLC:0626
CCF0  A9 85     LDA #$85                        A:00 X:34 Y:00 P:27 SP:FB CLC:0628
CCF2  A2 34     LDX #$34                        A:85 X:34 Y:00 P:A5 SP:FB CLC:062A
CCF4  A0 99     LDY #$99                        A:85 X:34 Y:00 P:25 SP:FB CLC:062C
CCF6  18        CLC                             A:85 X:34 Y:99 P:A5 SP:FB CLC:062E
CCF7  24 01     BIT $01 = FF                    A:85 X:34 Y:99 P:A4 SP:FB CLC:0630
CCF9  AA        TAX                             A:85 X:34 Y:99 P:E4 SP:FB CLC:0633
CCFA  F0 2E     BEQ $CD2A                       A:85 X:85 Y:99 P:E4 SP:FB CLC:0635
CCFC  B0 2C     BCS $CD2A                       A:85 X:85 Y:99 P:E4 SP:FB CLC:0637
CCFE  50 2A     BVC $CD2A                       A:85 X:85 Y:99 P:E4 SP:FB CLC:0639
CD00  10 28     BPL $CD2A                       A:85 X:85 Y:99 P:E4 SP:FB CLC:063B
CD02  C9 85     CMP #$85                        A:85 X:85 Y:99 P:E4 SP:FB CLC:063D
CD04  D0 24     BNE $CD2A                       A:85 X:85 Y:99 P:67 SP:FB CLC:063F
CD06  E0 85     CPX #$85                        A:85 X:85 Y:99 P:67 SP:FB CLC:0641
CD08  D0 20     BNE $CD2A                       A:85 X:85 Y:99 P:67 SP:FB CLC:0643
CD0A  C0 99     CPY #$99                        A:85 X:85 Y:99 P:67 SP:FB CLC:0645
CD0C  D0 1C     BNE $CD2A                       A:85 X:85 Y:99 P:67 SP:FB CLC:0647
CD0E  A9 00     LDA #$00                        A:85 X:85 Y:99 P:67 SP:FB CLC:0649
CD10  38        SEC                             A:00 X:85 Y:99 P:67 SP:FB CLC:064B
CD11  B8        CLV                             A:00 X:85 Y:99 P:67 SP:FB CLC:064D
CD12  AA        TAX                             A:00 X:85 Y:99 P:27 SP:FB CLC:064F
CD13  D0 15     BNE $CD2A                       A:00 X:00 Y:99 P:27 SP:FB CLC:0651
CD15  90 13     BCC $CD2A                       A:00 X:00 Y:99 P:27 SP:FB CLC:0653
CD17  70 11     BVS $CD2A                       A:00 X:00 Y:99 P:27 SP:FB CLC:0655
CD19  30 0F     BMI $CD2A                       A:00 X:00 Y:99 P:27 SP:FB CLC:0657
CD1B  C9 00     CMP #$00                        A:00 X:00 Y:99 P:27 SP:FB CLC:0659
CD1D  D0 0B     BNE $CD2A                       A:00 X:00 Y:99 P:27 SP:FB CLC:065B
CD1F  E0 00     CPX #$00                        A:00 X:00 Y:99 P:27 SP:FB CLC:065D
CD21  D0 07     BNE $CD2A                       A:00 X:00 Y:99 P:27 SP:FB CLC:065F
CD23  C0 99     CPY #$99                        A:00 X:00 Y:99 P:27 SP:FB CLC:0661
CD25  D0 03     BNE $CD2A                       A:00 X:00 Y:99 P:27 SP:FB CLC:0663
CD27  4C 2E CD  JMP $CD2E                       A:00 X:00 Y:99 P:27 SP:FB CLC:0665
CD2E  EA        NOP                             A:00 X:00 Y:99 P:27 SP:FB CLC:0668
CD2F  A9 85     LDA #$85                        A:00 X:00 Y:99 P:27 SP:FB CLC:066A
CD31  A2 34     LDX #$34                        A:85 X:00 Y:99 P:A5 SP:FB CLC:066C
